<?xml version="1.0" encoding="UTF-8"?>
<!-- Generated by org.testng.reporters.JUnitXMLReporter -->
<testsuite hostname="Josephs-MacBoo.local" ignored="0" name="Command line test" tests="2" failures="1" timestamp="2020-09-15T16:32:32 WAT" time="47.194" errors="0">
  <testcase name="sampleTest" time="0.002" classname="tests.BaseClass"/>
  <testcase name="testOne" time="2.198" classname="tests.Tests">
    <failure type="org.openqa.selenium.WebDriverException" message="An unknown server-side error occurred while processing the command. Original error: unknown error: net::ERR_INTERNET_DISCONNECTED
  (Session info: chrome=85.0.4183.81)
Build info: version: &amp;apos;3.141.59&amp;apos;, revision: &amp;apos;e82be7d358&amp;apos;, time: &amp;apos;2018-11-14T08:17:03&amp;apos;
System info: host: &amp;apos;Josephs-MacBoo.local&amp;apos;, ip: &amp;apos;127.0.0.1&amp;apos;, os.name: &amp;apos;Mac OS X&amp;apos;, os.arch: &amp;apos;x86_64&amp;apos;, os.version: &amp;apos;10.15.4&amp;apos;, java.version: &amp;apos;1.8.0_241&amp;apos;
Driver info: io.appium.java_client.AppiumDriver
Capabilities {appActivity: com.google.android.apps.chr..., appPackage: com.android.chrome, browserName: chrome, databaseEnabled: false, desired: {browserName: chrome, deviceName: LG-M150, platformName: android, platformVersion: 7.0, udid: LGM1509362ee13}, deviceApiLevel: 24, deviceManufacturer: LGE, deviceModel: LG-M150, deviceName: LGM1509362ee13, deviceScreenDensity: 240, deviceScreenSize: 480x854, deviceUDID: LGM1509362ee13, javascriptEnabled: true, locationContextEnabled: false, networkConnectionEnabled: true, pixelRatio: 1.5, platform: LINUX, platformName: ANDROID, platformVersion: 7.0, statBarHeight: 36, takesScreenshot: true, udid: LGM1509362ee13, viewportRect: {height: 756, left: 0, top: 36, width: 480}, warnings: {}, webStorageEnabled: false}
Session ID: 0b964afe-2cb0-4ed1-b12d-42cc3fb4d37e">
      <![CDATA[org.openqa.selenium.WebDriverException: An unknown server-side error occurred while processing the command. Original error: unknown error: net::ERR_INTERNET_DISCONNECTED
  (Session info: chrome=85.0.4183.81)
Build info: version: '3.141.59', revision: 'e82be7d358', time: '2018-11-14T08:17:03'
System info: host: 'Josephs-MacBoo.local', ip: '127.0.0.1', os.name: 'Mac OS X', os.arch: 'x86_64', os.version: '10.15.4', java.version: '1.8.0_241'
Driver info: io.appium.java_client.AppiumDriver
Capabilities {appActivity: com.google.android.apps.chr..., appPackage: com.android.chrome, browserName: chrome, databaseEnabled: false, desired: {browserName: chrome, deviceName: LG-M150, platformName: android, platformVersion: 7.0, udid: LGM1509362ee13}, deviceApiLevel: 24, deviceManufacturer: LGE, deviceModel: LG-M150, deviceName: LGM1509362ee13, deviceScreenDensity: 240, deviceScreenSize: 480x854, deviceUDID: LGM1509362ee13, javascriptEnabled: true, locationContextEnabled: false, networkConnectionEnabled: true, pixelRatio: 1.5, platform: LINUX, platformName: ANDROID, platformVersion: 7.0, statBarHeight: 36, takesScreenshot: true, udid: LGM1509362ee13, viewportRect: {height: 756, left: 0, top: 36, width: 480}, warnings: {}, webStorageEnabled: false}
Session ID: 0b964afe-2cb0-4ed1-b12d-42cc3fb4d37e
at org.openqa.selenium.remote.http.W3CHttpResponseCodec.createException(W3CHttpResponseCodec.java:187)
at org.openqa.selenium.remote.http.W3CHttpResponseCodec.decode(W3CHttpResponseCodec.java:122)
at org.openqa.selenium.remote.http.W3CHttpResponseCodec.decode(W3CHttpResponseCodec.java:49)
at org.openqa.selenium.remote.HttpCommandExecutor.execute(HttpCommandExecutor.java:158)
at io.appium.java_client.remote.AppiumCommandExecutor.execute(AppiumCommandExecutor.java:239)
at org.openqa.selenium.remote.RemoteWebDriver.execute(RemoteWebDriver.java:552)
at io.appium.java_client.DefaultGenericMobileDriver.execute(DefaultGenericMobileDriver.java:41)
at io.appium.java_client.AppiumDriver.execute(AppiumDriver.java:1)
at org.openqa.selenium.remote.RemoteWebDriver.get(RemoteWebDriver.java:277)
at tests.Tests.testOne(Tests.java:13)
at java.util.ArrayList.forEach(ArrayList.java:1257)
... Removed 41 stack frames]]>
    </failure>
  </testcase> <!-- testOne -->
</testsuite> <!-- Command line test -->
