<?xml version="1.0" encoding="UTF-8" ?>
<testsuite tests="3" failures="1" name="TestSuite" time="2.205" errors="0" skipped="0">
  <properties>
[...]
</properties>
  <testcase classname="tests.Tests" name="sampleTest" time="0.004"/>
  <testcase classname="tests.Tests" name="testOne" time="2.201">
    <failure message="An unknown server-side error occurred while processing the command. Original error: unknown error: net::ERR_INTERNET_DISCONNECTED
  (Session info: chrome=85.0.4183.81)
Build info: version: &apos;3.141.59&apos;, revision: &apos;e82be7d358&apos;, time: &apos;2018-11-14T08:17:03&apos;
System info: host: &apos;Josephs-MacBoo.local&apos;, ip: &apos;127.0.0.1&apos;, os.name: &apos;Mac OS X&apos;, os.arch: &apos;x86_64&apos;, os.version: &apos;10.15.4&apos;, java.version: &apos;1.8.0_241&apos;
Driver info: io.appium.java_client.AppiumDriver
Capabilities {appActivity: com.google.android.apps.chr..., appPackage: com.android.chrome, browserName: chrome, databaseEnabled: false, desired: {browserName: chrome, deviceName: LG-M150, platformName: android, platformVersion: 7.0, udid: LGM1509362ee13}, deviceApiLevel: 24, deviceManufacturer: LGE, deviceModel: LG-M150, deviceName: LGM1509362ee13, deviceScreenDensity: 240, deviceScreenSize: 480x854, deviceUDID: LGM1509362ee13, javascriptEnabled: true, locationContextEnabled: false, networkConnectionEnabled: true, pixelRatio: 1.5, platform: LINUX, platformName: ANDROID, platformVersion: 7.0, statBarHeight: 36, takesScreenshot: true, udid: LGM1509362ee13, viewportRect: {height: 756, left: 0, top: 36, width: 480}, warnings: {}, webStorageEnabled: false}
Session ID: 0b964afe-2cb0-4ed1-b12d-42cc3fb4d37e" type="org.openqa.selenium.WebDriverException">org.openqa.selenium.WebDriverException: An unknown server-side error occurred while processing the command. Original error: unknown error: net::ERR_INTERNET_DISCONNECTED
  (Session info: chrome=85.0.4183.81)
Build info: version: &apos;3.141.59&apos;, revision: &apos;e82be7d358&apos;, time: &apos;2018-11-14T08:17:03&apos;
System info: host: &apos;Josephs-MacBoo.local&apos;, ip: &apos;127.0.0.1&apos;, os.name: &apos;Mac OS X&apos;, os.arch: &apos;x86_64&apos;, os.version: &apos;10.15.4&apos;, java.version: &apos;1.8.0_241&apos;
Driver info: io.appium.java_client.AppiumDriver
Capabilities {appActivity: com.google.android.apps.chr..., appPackage: com.android.chrome, browserName: chrome, databaseEnabled: false, desired: {browserName: chrome, deviceName: LG-M150, platformName: android, platformVersion: 7.0, udid: LGM1509362ee13}, deviceApiLevel: 24, deviceManufacturer: LGE, deviceModel: LG-M150, deviceName: LGM1509362ee13, deviceScreenDensity: 240, deviceScreenSize: 480x854, deviceUDID: LGM1509362ee13, javascriptEnabled: true, locationContextEnabled: false, networkConnectionEnabled: true, pixelRatio: 1.5, platform: LINUX, platformName: ANDROID, platformVersion: 7.0, statBarHeight: 36, takesScreenshot: true, udid: LGM1509362ee13, viewportRect: {height: 756, left: 0, top: 36, width: 480}, warnings: {}, webStorageEnabled: false}
Session ID: 0b964afe-2cb0-4ed1-b12d-42cc3fb4d37e
	at sun.reflect.NativeConstructorAccessorImpl.newInstance0(Native Method)
	at sun.reflect.NativeConstructorAccessorImpl.newInstance(NativeConstructorAccessorImpl.java:62)
	at sun.reflect.DelegatingConstructorAccessorImpl.newInstance(DelegatingConstructorAccessorImpl.java:45)
	at java.lang.reflect.Constructor.newInstance(Constructor.java:423)
	at org.openqa.selenium.remote.http.W3CHttpResponseCodec.createException(W3CHttpResponseCodec.java:187)
	at org.openqa.selenium.remote.http.W3CHttpResponseCodec.decode(W3CHttpResponseCodec.java:122)
	at org.openqa.selenium.remote.http.W3CHttpResponseCodec.decode(W3CHttpResponseCodec.java:49)
	at org.openqa.selenium.remote.HttpCommandExecutor.execute(HttpCommandExecutor.java:158)
	at io.appium.java_client.remote.AppiumCommandExecutor.execute(AppiumCommandExecutor.java:239)
	at org.openqa.selenium.remote.RemoteWebDriver.execute(RemoteWebDriver.java:552)
	at io.appium.java_client.DefaultGenericMobileDriver.execute(DefaultGenericMobileDriver.java:41)
	at io.appium.java_client.AppiumDriver.execute(AppiumDriver.java:1)
	at org.openqa.selenium.remote.RemoteWebDriver.get(RemoteWebDriver.java:277)
	at tests.Tests.testOne(Tests.java:13)
</failure>
  </testcase>
  <testcase classname="com.skycleon.Tst_Appium.AppTest" name="testApp on testApp(com.skycleon.Tst_Appium.AppTest)" time="0"/>
</testsuite>