<?xml version="1.0" encoding="UTF-8"?>
<testng-results skipped="0" failed="0" ignored="0" total="1" passed="1">
  <reporter-output>
  </reporter-output>
  <suite name="Command line suite" duration-ms="21" started-at="2020-09-15T16:32:33 WAT" finished-at="2020-09-15T16:32:33 WAT">
    <groups>
    </groups>
    <test name="Command line test" duration-ms="21" started-at="2020-09-15T16:32:33 WAT" finished-at="2020-09-15T16:32:33 WAT">
      <class name="com.skycleon.Tst_Appium.AppTest">
        <test-method status="PASS" signature="testApp()" name="testApp" duration-ms="3" started-at="2020-09-15T16:32:33 WAT" finished-at="2020-09-15T16:32:33 WAT">
          <reporter-output>
          </reporter-output>
        </test-method> <!-- testApp -->
      </class> <!-- com.skycleon.Tst_Appium.AppTest -->
    </test> <!-- Command line test -->
  </suite> <!-- Command line suite -->
</testng-results>
